<?xml version="1.0" encoding="utf-8"?><testsuites name="pytest tests"><testsuite name="pytest" errors="12" failures="0" skipped="0" tests="15" time="41.874" timestamp="2026-02-18T09:43:18.692191+00:00" hostname="agent-env-390a5016-0611-4eb5-97bc-d0b7f8c28533"><testcase classname="backend.tests.test_3layer_analysis.TestChatEndpoint3LayerResponse" name="test_chat_returns_layer1_insight" time="0.287"><error message="failed on setup with &quot;assert 422 == 200&#10; +  where 422 = &lt;Response [422]&gt;.status_code&quot;">backend/tests/test_3layer_analysis.py:58: in test_dataset
    assert response.status_code == 200
E   assert 422 == 200
E    +  where 422 = &lt;Response [422]&gt;.status_code</error></testcase><testcase classname="backend.tests.test_3layer_analysis.TestChatEndpoint3LayerResponse" name="test_chat_returns_layer2_reasoning" time="0.000"><error message="failed on setup with &quot;assert 422 == 200&#10; +  where 422 = &lt;Response [422]&gt;.status_code&quot;">backend/tests/test_3layer_analysis.py:58: in test_dataset
    assert response.status_code == 200
E   assert 422 == 200
E    +  where 422 = &lt;Response [422]&gt;.status_code</error></testcase><testcase classname="backend.tests.test_3layer_analysis.TestChatEndpoint3LayerResponse" name="test_chat_returns_layer3_runtime" time="0.000"><error message="failed on setup with &quot;assert 422 == 200&#10; +  where 422 = &lt;Response [422]&gt;.status_code&quot;">backend/tests/test_3layer_analysis.py:58: in test_dataset
    assert response.status_code == 200
E   assert 422 == 200
E    +  where 422 = &lt;Response [422]&gt;.status_code</error></testcase><testcase classname="backend.tests.test_3layer_analysis.TestChatEndpoint3LayerResponse" name="test_chat_returns_analysis_success_flag" time="0.000"><error message="failed on setup with &quot;assert 422 == 200&#10; +  where 422 = &lt;Response [422]&gt;.status_code&quot;">backend/tests/test_3layer_analysis.py:58: in test_dataset
    assert response.status_code == 200
E   assert 422 == 200
E    +  where 422 = &lt;Response [422]&gt;.status_code</error></testcase><testcase classname="backend.tests.test_3layer_analysis.TestChatEndpoint3LayerResponse" name="test_chat_returns_analysis_method" time="0.000"><error message="failed on setup with &quot;assert 422 == 200&#10; +  where 422 = &lt;Response [422]&gt;.status_code&quot;">backend/tests/test_3layer_analysis.py:58: in test_dataset
    assert response.status_code == 200
E   assert 422 == 200
E    +  where 422 = &lt;Response [422]&gt;.status_code</error></testcase><testcase classname="backend.tests.test_3layer_analysis.TestChatEndpoint3LayerResponse" name="test_confidence_score_present_on_success" time="0.000"><error message="failed on setup with &quot;assert 422 == 200&#10; +  where 422 = &lt;Response [422]&gt;.status_code&quot;">backend/tests/test_3layer_analysis.py:58: in test_dataset
    assert response.status_code == 200
E   assert 422 == 200
E    +  where 422 = &lt;Response [422]&gt;.status_code</error></testcase><testcase classname="backend.tests.test_3layer_analysis.TestAlternativeAnalysisEndpoint" name="test_statistical_method" time="0.000"><error message="failed on setup with &quot;assert 422 == 200&#10; +  where 422 = &lt;Response [422]&gt;.status_code&quot;">backend/tests/test_3layer_analysis.py:58: in test_dataset
    assert response.status_code == 200
E   assert 422 == 200
E    +  where 422 = &lt;Response [422]&gt;.status_code</error></testcase><testcase classname="backend.tests.test_3layer_analysis.TestAlternativeAnalysisEndpoint" name="test_aggregation_method" time="0.000"><error message="failed on setup with &quot;assert 422 == 200&#10; +  where 422 = &lt;Response [422]&gt;.status_code&quot;">backend/tests/test_3layer_analysis.py:58: in test_dataset
    assert response.status_code == 200
E   assert 422 == 200
E    +  where 422 = &lt;Response [422]&gt;.status_code</error></testcase><testcase classname="backend.tests.test_3layer_analysis.TestAlternativeAnalysisEndpoint" name="test_chart_only_method" time="0.000"><error message="failed on setup with &quot;assert 422 == 200&#10; +  where 422 = &lt;Response [422]&gt;.status_code&quot;">backend/tests/test_3layer_analysis.py:58: in test_dataset
    assert response.status_code == 200
E   assert 422 == 200
E    +  where 422 = &lt;Response [422]&gt;.status_code</error></testcase><testcase classname="backend.tests.test_3layer_analysis.TestAlternativeAnalysisEndpoint" name="test_alternative_returns_3_layers" time="0.000"><error message="failed on setup with &quot;assert 422 == 200&#10; +  where 422 = &lt;Response [422]&gt;.status_code&quot;">backend/tests/test_3layer_analysis.py:58: in test_dataset
    assert response.status_code == 200
E   assert 422 == 200
E    +  where 422 = &lt;Response [422]&gt;.status_code</error></testcase><testcase classname="backend.tests.test_3layer_analysis.TestAlternativeAnalysisEndpoint" name="test_alternative_with_invalid_dataset" time="0.069" /><testcase classname="backend.tests.test_3layer_analysis.TestAlternativeAnalysisEndpoint" name="test_alternative_methods_list" time="0.000"><error message="failed on setup with &quot;assert 422 == 200&#10; +  where 422 = &lt;Response [422]&gt;.status_code&quot;">backend/tests/test_3layer_analysis.py:58: in test_dataset
    assert response.status_code == 200
E   assert 422 == 200
E    +  where 422 = &lt;Response [422]&gt;.status_code</error></testcase><testcase classname="backend.tests.test_3layer_analysis.TestFailureStateHandling" name="test_confidence_hidden_on_failure" time="13.225" /><testcase classname="backend.tests.test_3layer_analysis.TestFailureStateHandling" name="test_alternative_methods_provided_on_failure" time="28.008" /><testcase classname="backend.tests.test_3layer_analysis.TestChatMessageModel" name="test_all_3layer_fields_in_response" time="0.063"><error message="failed on setup with &quot;assert 422 == 200&#10; +  where 422 = &lt;Response [422]&gt;.status_code&quot;">backend/tests/test_3layer_analysis.py:58: in test_dataset
    assert response.status_code == 200
E   assert 422 == 200
E    +  where 422 = &lt;Response [422]&gt;.status_code</error></testcase></testsuite></testsuites>