<?xml version="1.0" encoding="utf-8"?><testsuites name="pytest tests"><testsuite name="pytest" errors="0" failures="0" skipped="0" tests="15" time="16.878" timestamp="2026-02-18T09:44:21.795004+00:00" hostname="agent-env-390a5016-0611-4eb5-97bc-d0b7f8c28533"><testcase classname="backend.tests.test_3layer_analysis.TestChatEndpoint3LayerResponse" name="test_chat_returns_layer1_insight" time="2.988" /><testcase classname="backend.tests.test_3layer_analysis.TestChatEndpoint3LayerResponse" name="test_chat_returns_layer2_reasoning" time="0.406" /><testcase classname="backend.tests.test_3layer_analysis.TestChatEndpoint3LayerResponse" name="test_chat_returns_layer3_runtime" time="3.306" /><testcase classname="backend.tests.test_3layer_analysis.TestChatEndpoint3LayerResponse" name="test_chat_returns_analysis_success_flag" time="4.971" /><testcase classname="backend.tests.test_3layer_analysis.TestChatEndpoint3LayerResponse" name="test_chat_returns_analysis_method" time="0.311" /><testcase classname="backend.tests.test_3layer_analysis.TestChatEndpoint3LayerResponse" name="test_confidence_score_present_on_success" time="0.285" /><testcase classname="backend.tests.test_3layer_analysis.TestAlternativeAnalysisEndpoint" name="test_statistical_method" time="0.055" /><testcase classname="backend.tests.test_3layer_analysis.TestAlternativeAnalysisEndpoint" name="test_aggregation_method" time="0.051" /><testcase classname="backend.tests.test_3layer_analysis.TestAlternativeAnalysisEndpoint" name="test_chart_only_method" time="0.058" /><testcase classname="backend.tests.test_3layer_analysis.TestAlternativeAnalysisEndpoint" name="test_alternative_returns_3_layers" time="0.064" /><testcase classname="backend.tests.test_3layer_analysis.TestAlternativeAnalysisEndpoint" name="test_alternative_with_invalid_dataset" time="0.051" /><testcase classname="backend.tests.test_3layer_analysis.TestAlternativeAnalysisEndpoint" name="test_alternative_methods_list" time="3.778" /><testcase classname="backend.tests.test_3layer_analysis.TestFailureStateHandling" name="test_confidence_hidden_on_failure" time="0.147" /><testcase classname="backend.tests.test_3layer_analysis.TestFailureStateHandling" name="test_alternative_methods_provided_on_failure" time="0.136" /><testcase classname="backend.tests.test_3layer_analysis.TestChatMessageModel" name="test_all_3layer_fields_in_response" time="0.192" /></testsuite></testsuites>